<?xml version="1.0" encoding="utf-8"?><testsuites name="pytest tests"><testsuite name="pytest" errors="0" failures="0" skipped="0" tests="9" time="17.623" timestamp="2026-03-15T23:07:05.538160+00:00" hostname="agent-env-a6ad3e5e-f072-4bea-99cf-fc385b55577f"><testcase classname="backend.tests.test_product_images.TestProductImagesAPI" name="test_api_products_returns_success" time="0.668" /><testcase classname="backend.tests.test_product_images.TestProductImagesAPI" name="test_all_products_have_image_url" time="0.442" /><testcase classname="backend.tests.test_product_images.TestProductImagesAPI" name="test_previously_missing_images_now_have_urls" time="0.540" /><testcase classname="backend.tests.test_product_images.TestImageServingEndpoint" name="test_image_endpoint_exists" time="1.125" /><testcase classname="backend.tests.test_product_images.TestImageServingEndpoint" name="test_multiple_product_images_load" time="5.756" /><testcase classname="backend.tests.test_product_images.TestImageServingEndpoint" name="test_previously_missing_images_actually_load" time="3.192" /><testcase classname="backend.tests.test_product_images.TestFeaturedProducts" name="test_featured_products_have_images" time="0.421" /><testcase classname="backend.tests.test_product_images.TestFeaturedProducts" name="test_featured_products_images_load" time="3.597" /><testcase classname="backend.tests.test_product_images.TestSingleProductDetail" name="test_product_detail_has_image" time="1.744" /></testsuite></testsuites>