<?xml version="1.0" encoding="utf-8"?><testsuites name="pytest tests"><testsuite name="pytest" errors="0" failures="0" skipped="0" tests="4" time="1.694" timestamp="2026-07-13T21:16:35.089875+00:00" hostname="agent-env-516830e0-3bfb-4059-821b-2d8015e872d8"><testcase classname="backend.tests.test_image_mime.TestServeImageMime" name="test_upload_jpg_and_serve_with_jpeg_mime" time="0.531" /><testcase classname="backend.tests.test_image_mime.TestServeImageMime" name="test_upload_webp_and_serve_with_webp_mime" time="0.537" /><testcase classname="backend.tests.test_image_mime.TestServeImageMime" name="test_upload_png_still_returns_png_mime" time="0.274" /><testcase classname="backend.tests.test_image_mime.TestServeImageMime" name="test_missing_image_returns_404" time="0.146" /></testsuite></testsuites>