<?xml version="1.0" encoding="utf-8"?><testsuites name="pytest tests"><testsuite name="pytest" errors="0" failures="0" skipped="0" tests="5" time="0.930" timestamp="2026-07-13T21:06:40.038093+00:00" hostname="agent-env-516830e0-3bfb-4059-821b-2d8015e872d8"><testcase classname="backend.tests.test_upload_size_limits" name="test_upload_3mb_png_succeeds" time="0.386" /><testcase classname="backend.tests.test_upload_size_limits" name="test_upload_500kb_png_succeeds" time="0.167" /><testcase classname="backend.tests.test_upload_size_limits" name="test_upload_without_admin_password_returns_401" time="0.085" /><testcase classname="backend.tests.test_upload_size_limits" name="test_upload_txt_file_returns_400" time="0.051" /><testcase classname="backend.tests.test_upload_size_limits" name="test_middleware_blocks_generic_request_over_2mb" time="0.080" /></testsuite></testsuites>