<?xml version="1.0" encoding="utf-8"?><testsuites name="pytest tests"><testsuite name="pytest" errors="0" failures="0" skipped="0" tests="21" time="10.609" timestamp="2026-03-15T23:24:08.839293+00:00" hostname="agent-env-a6ad3e5e-f072-4bea-99cf-fc385b55577f"><testcase classname="backend.tests.test_refactor_endpoints.TestHealthEndpoint" name="test_health_check" time="0.607" /><testcase classname="backend.tests.test_refactor_endpoints.TestProductsEndpoints" name="test_get_all_products_returns_32" time="0.535" /><testcase classname="backend.tests.test_refactor_endpoints.TestProductsEndpoints" name="test_all_products_have_image_url" time="0.427" /><testcase classname="backend.tests.test_refactor_endpoints.TestProductsEndpoints" name="test_get_single_product" time="0.856" /><testcase classname="backend.tests.test_refactor_endpoints.TestProductsEndpoints" name="test_get_product_not_found" time="0.425" /><testcase classname="backend.tests.test_refactor_endpoints.TestCategoriesEndpoint" name="test_get_categories" time="0.434" /><testcase classname="backend.tests.test_refactor_endpoints.TestProductImagesEndpoint" name="test_product_image_returns_200" time="1.131" /><testcase classname="backend.tests.test_refactor_endpoints.TestProductImagesEndpoint" name="test_missing_image_returns_404" time="0.415" /><testcase classname="backend.tests.test_refactor_endpoints.TestProtocolsV2Endpoints" name="test_get_protocols_returns_11" time="0.413" /><testcase classname="backend.tests.test_refactor_endpoints.TestProtocolsV2Endpoints" name="test_validate_code_valid" time="0.451" /><testcase classname="backend.tests.test_refactor_endpoints.TestProtocolsV2Endpoints" name="test_validate_code_invalid" time="0.425" /><testcase classname="backend.tests.test_refactor_endpoints.TestAdminEndpoints" name="test_admin_login_success" time="0.419" /><testcase classname="backend.tests.test_refactor_endpoints.TestAdminEndpoints" name="test_admin_login_failure" time="0.421" /><testcase classname="backend.tests.test_refactor_endpoints.TestAdminEndpoints" name="test_admin_codes_with_password" time="0.429" /><testcase classname="backend.tests.test_refactor_endpoints.TestAdminEndpoints" name="test_admin_codes_without_password" time="0.419" /><testcase classname="backend.tests.test_refactor_endpoints.TestAdminEndpoints" name="test_admin_batches_with_password" time="0.412" /><testcase classname="backend.tests.test_refactor_endpoints.TestAdminEndpoints" name="test_admin_batches_without_password" time="0.398" /><testcase classname="backend.tests.test_refactor_endpoints.TestVerificationEndpoint" name="test_verify_product_with_valid_code" time="0.523" /><testcase classname="backend.tests.test_refactor_endpoints.TestVerificationEndpoint" name="test_verify_product_invalid_format" time="0.428" /><testcase classname="backend.tests.test_refactor_endpoints.TestVerificationEndpoint" name="test_verify_product_not_found" time="0.459" /><testcase classname="backend.tests.test_refactor_endpoints.TestRootEndpoint" name="test_root_endpoint" time="0.428" /></testsuite></testsuites>