<?xml version="1.0" encoding="utf-8"?><testsuites name="pytest tests"><testsuite name="pytest" errors="0" failures="8" skipped="0" tests="20" time="4.919" timestamp="2026-04-06T23:40:17.105264+00:00" hostname="agent-env-516830e0-3bfb-4059-821b-2d8015e872d8"><testcase classname="tests.test_library_data_quality.TestLibraryEndpoint" name="test_library_returns_96_peptides" time="0.304" /><testcase classname="tests.test_library_data_quality.TestLibraryEndpoint" name="test_library_returns_11_english_categories" time="0.251" /><testcase classname="tests.test_library_data_quality.TestLibraryEndpoint" name="test_no_portuguese_categories" time="0.105" /><testcase classname="tests.test_library_data_quality.TestLibraryEndpoint" name="test_no_competitor_urls_in_list" time="0.093" /><testcase classname="tests.test_library_data_quality.TestSemaglutideDetail" name="test_semaglutide_category_is_english" time="0.104" /><testcase classname="tests.test_library_data_quality.TestSemaglutideDetail" name="test_semaglutide_classification_is_english" time="0.092" /><testcase classname="tests.test_library_data_quality.TestSemaglutideDetail" name="test_semaglutide_dosages_not_zero_mg" time="0.104" /><testcase classname="tests.test_library_data_quality.TestSemaglutideDetail" name="test_semaglutide_text_is_english" time="0.325" /><testcase classname="tests.test_library_data_quality.TestRetatrutideDetail" name="test_retatrutide_category_not_competitor_url" time="0.096" /><testcase classname="tests.test_library_data_quality.TestRetatrutideDetail" name="test_retatrutide_text_is_english" time="0.093" /><testcase classname="tests.test_library_data_quality.TestPortugueseContentRemoval" name="test_peptide_description_is_english[aod-9604]" time="0.113" /><testcase classname="tests.test_library_data_quality.TestPortugueseContentRemoval" name="test_peptide_description_is_english[cartalax]" time="0.098"><failure message="AssertionError: cartalax description contains Portuguese: ['peptídico', 'Biorregulador', 'regulador', 'cartilagem', 'articulações'] -&gt; 'Biorregulador peptídico para cartilagem e articulações.'&#10;assert 5 == 0&#10; +  where 5 = len(['peptídico', 'Biorregulador', 'regulador', 'cartilagem', 'articulações'])">tests/test_library_data_quality.py:212: in test_peptide_description_is_english
    assert len(pt_found) == 0, f"{slug} description contains Portuguese: {pt_found} -&gt; '{description}'"
E   AssertionError: cartalax description contains Portuguese: ['peptídico', 'Biorregulador', 'regulador', 'cartilagem', 'articulações'] -&gt; 'Biorregulador peptídico para cartilagem e articulações.'
E   assert 5 == 0
E    +  where 5 = len(['peptídico', 'Biorregulador', 'regulador', 'cartilagem', 'articulações'])</failure></testcase><testcase classname="tests.test_library_data_quality.TestPortugueseContentRemoval" name="test_peptide_description_is_english[cerebrolysin]" time="0.099"><failure message="AssertionError: cerebrolysin description contains Portuguese: ['peptídico', 'Formulação', 'injetável', 'fatores', 'neurotróficos'] -&gt; 'Formulação injetável de fatores neurotróficos peptídicos.'&#10;assert 5 == 0&#10; +  where 5 = len(['peptídico', 'Formulação', 'injetável', 'fatores', 'neurotróficos'])">tests/test_library_data_quality.py:212: in test_peptide_description_is_english
    assert len(pt_found) == 0, f"{slug} description contains Portuguese: {pt_found} -&gt; '{description}'"
E   AssertionError: cerebrolysin description contains Portuguese: ['peptídico', 'Formulação', 'injetável', 'fatores', 'neurotróficos'] -&gt; 'Formulação injetável de fatores neurotróficos peptídicos.'
E   assert 5 == 0
E    +  where 5 = len(['peptídico', 'Formulação', 'injetável', 'fatores', 'neurotróficos'])</failure></testcase><testcase classname="tests.test_library_data_quality.TestPortugueseContentRemoval" name="test_peptide_description_is_english[dihexa]" time="0.100"><failure message="AssertionError: dihexa description contains Portuguese: ['peptídeo', 'derivado', 'angiotensina', 'potentes', 'efeitos', 'nootrópicos'] -&gt; 'Peptídeo derivado da angiotensina IV com potentes efeitos nootrópicos.'&#10;assert 6 == 0&#10; +  where 6 = len(['peptídeo', 'derivado', 'angiotensina', 'potentes', 'efeitos', 'nootrópicos'])">tests/test_library_data_quality.py:212: in test_peptide_description_is_english
    assert len(pt_found) == 0, f"{slug} description contains Portuguese: {pt_found} -&gt; '{description}'"
E   AssertionError: dihexa description contains Portuguese: ['peptídeo', 'derivado', 'angiotensina', 'potentes', 'efeitos', 'nootrópicos'] -&gt; 'Peptídeo derivado da angiotensina IV com potentes efeitos nootrópicos.'
E   assert 6 == 0
E    +  where 6 = len(['peptídeo', 'derivado', 'angiotensina', 'potentes', 'efeitos', 'nootrópicos'])</failure></testcase><testcase classname="tests.test_library_data_quality.TestPortugueseContentRemoval" name="test_peptide_description_is_english[epithalon]" time="0.100"><failure message="AssertionError: epithalon description contains Portuguese: ['peptídeo', 'regulador', 'telomerase', 'propriedades'] -&gt; 'Peptídeo regulador de telomerase com propriedades anti-aging.'&#10;assert 4 == 0&#10; +  where 4 = len(['peptídeo', 'regulador', 'telomerase', 'propriedades'])">tests/test_library_data_quality.py:212: in test_peptide_description_is_english
    assert len(pt_found) == 0, f"{slug} description contains Portuguese: {pt_found} -&gt; '{description}'"
E   AssertionError: epithalon description contains Portuguese: ['peptídeo', 'regulador', 'telomerase', 'propriedades'] -&gt; 'Peptídeo regulador de telomerase com propriedades anti-aging.'
E   assert 4 == 0
E    +  where 4 = len(['peptídeo', 'regulador', 'telomerase', 'propriedades'])</failure></testcase><testcase classname="tests.test_library_data_quality.TestPortugueseContentRemoval" name="test_peptide_description_is_english[foxo4-dri]" time="0.088"><failure message="AssertionError: foxo4-dri description contains Portuguese: ['peptídeo', 'senolítico', 'elimina', 'seletivamente', 'células', 'senescentes'] -&gt; 'Peptídeo senolítico que elimina seletivamente células senescentes.'&#10;assert 6 == 0&#10; +  where 6 = len(['peptídeo', 'senolítico', 'elimina', 'seletivamente', 'células', 'senescentes'])">tests/test_library_data_quality.py:212: in test_peptide_description_is_english
    assert len(pt_found) == 0, f"{slug} description contains Portuguese: {pt_found} -&gt; '{description}'"
E   AssertionError: foxo4-dri description contains Portuguese: ['peptídeo', 'senolítico', 'elimina', 'seletivamente', 'células', 'senescentes'] -&gt; 'Peptídeo senolítico que elimina seletivamente células senescentes.'
E   assert 6 == 0
E    +  where 6 = len(['peptídeo', 'senolítico', 'elimina', 'seletivamente', 'células', 'senescentes'])</failure></testcase><testcase classname="tests.test_library_data_quality.TestPortugueseContentRemoval" name="test_peptide_description_is_english[glutathione]" time="0.121"><failure message="AssertionError: glutathione description contains Portuguese: ['peptídeo', 'Antioxidante', 'Tripeptídeo', 'organismo'] -&gt; 'Tripeptídeo antioxidante mestre do organismo.'&#10;assert 4 == 0&#10; +  where 4 = len(['peptídeo', 'Antioxidante', 'Tripeptídeo', 'organismo'])">tests/test_library_data_quality.py:212: in test_peptide_description_is_english
    assert len(pt_found) == 0, f"{slug} description contains Portuguese: {pt_found} -&gt; '{description}'"
E   AssertionError: glutathione description contains Portuguese: ['peptídeo', 'Antioxidante', 'Tripeptídeo', 'organismo'] -&gt; 'Tripeptídeo antioxidante mestre do organismo.'
E   assert 4 == 0
E    +  where 4 = len(['peptídeo', 'Antioxidante', 'Tripeptídeo', 'organismo'])</failure></testcase><testcase classname="tests.test_library_data_quality.TestPortugueseContentRemoval" name="test_peptide_classification_is_english[aod-9604]" time="0.097"><failure message="AssertionError: aod-9604 classification contains Portuguese: ['peptídico', 'aminoácidos', 'Fragmento'] -&gt; 'Fragmento peptídico do hGH (16 aminoácidos)'&#10;assert 3 == 0&#10; +  where 3 = len(['peptídico', 'aminoácidos', 'Fragmento'])">tests/test_library_data_quality.py:231: in test_peptide_classification_is_english
    assert len(pt_found) == 0, f"{slug} classification contains Portuguese: {pt_found} -&gt; '{classification}'"
E   AssertionError: aod-9604 classification contains Portuguese: ['peptídico', 'aminoácidos', 'Fragmento'] -&gt; 'Fragmento peptídico do hGH (16 aminoácidos)'
E   assert 3 == 0
E    +  where 3 = len(['peptídico', 'aminoácidos', 'Fragmento'])</failure></testcase><testcase classname="tests.test_library_data_quality.TestPortugueseContentRemoval" name="test_peptide_classification_is_english[cerebrolysin]" time="0.089"><failure message="AssertionError: cerebrolysin classification contains Portuguese: ['Mistura', 'neurotrófica', 'derivada', 'suínos'] -&gt; 'Mistura peptídica neurotrófica (derivada de suínos)'&#10;assert 4 == 0&#10; +  where 4 = len(['Mistura', 'neurotrófica', 'derivada', 'suínos'])">tests/test_library_data_quality.py:231: in test_peptide_classification_is_english
    assert len(pt_found) == 0, f"{slug} classification contains Portuguese: {pt_found} -&gt; '{classification}'"
E   AssertionError: cerebrolysin classification contains Portuguese: ['Mistura', 'neurotrófica', 'derivada', 'suínos'] -&gt; 'Mistura peptídica neurotrófica (derivada de suínos)'
E   assert 4 == 0
E    +  where 4 = len(['Mistura', 'neurotrófica', 'derivada', 'suínos'])</failure></testcase><testcase classname="tests.test_library_data_quality.TestNoCompetitorURLs" name="test_no_competitor_urls_in_any_peptide" time="2.173" /></testsuite></testsuites>