<?xml version="1.0" encoding="utf-8"?><testsuites name="pytest tests"><testsuite name="pytest" errors="0" failures="0" skipped="0" tests="19" time="10.547" timestamp="2026-02-12T05:18:19.965353+00:00" hostname="agent-env-9920a419-ab71-4731-892d-6a5080392776"><testcase classname="backend.tests.test_api.TestAPIHealth" name="test_api_root_endpoint" time="0.534" /><testcase classname="backend.tests.test_api.TestProductsAPI" name="test_get_all_products" time="0.511" /><testcase classname="backend.tests.test_api.TestProductsAPI" name="test_products_have_required_fields" time="0.504" /><testcase classname="backend.tests.test_api.TestProductsAPI" name="test_get_featured_products" time="0.494" /><testcase classname="backend.tests.test_api.TestProductsAPI" name="test_filter_products_by_category" time="0.487" /><testcase classname="backend.tests.test_api.TestProductsAPI" name="test_filter_products_by_product_type" time="0.512" /><testcase classname="backend.tests.test_api.TestProductsAPI" name="test_search_products" time="0.514" /><testcase classname="backend.tests.test_api.TestProductsAPI" name="test_get_single_product" time="0.962" /><testcase classname="backend.tests.test_api.TestProductsAPI" name="test_get_nonexistent_product" time="0.750" /><testcase classname="backend.tests.test_api.TestCategoriesAPI" name="test_get_categories" time="0.457" /><testcase classname="backend.tests.test_api.TestProductTypesAPI" name="test_get_product_types" time="0.394" /><testcase classname="backend.tests.test_api.TestRepresentativesAPI" name="test_get_representatives" time="0.547" /><testcase classname="backend.tests.test_api.TestRepresentativesAPI" name="test_representatives_have_required_fields" time="0.480" /><testcase classname="backend.tests.test_api.TestVerifyProductAPI" name="test_verify_valid_product_code" time="0.393" /><testcase classname="backend.tests.test_api.TestVerifyProductAPI" name="test_verify_lowercase_code" time="0.374" /><testcase classname="backend.tests.test_api.TestVerifyProductAPI" name="test_verify_invalid_product_code" time="0.480" /><testcase classname="backend.tests.test_api.TestVerifyProductAPI" name="test_verify_wrong_format_code" time="0.479" /><testcase classname="backend.tests.test_api.TestProductVerificationByCode" name="test_get_product_by_verification_code" time="0.485" /><testcase classname="backend.tests.test_api.TestProductVerificationByCode" name="test_get_product_by_invalid_code" time="0.803" /></testsuite></testsuites>