<?xml version="1.0" encoding="utf-8"?><testsuites name="pytest tests"><testsuite name="pytest" errors="0" failures="0" skipped="0" tests="20" time="8.068" timestamp="2026-04-13T19:21:22.098419+00:00" hostname="agent-env-516830e0-3bfb-4059-821b-2d8015e872d8"><testcase classname="backend.tests.test_auth_stacks_payments.TestHealthAndBasics" name="test_api_root" time="0.264" /><testcase classname="backend.tests.test_auth_stacks_payments.TestHealthAndBasics" name="test_health_check" time="0.168" /><testcase classname="backend.tests.test_auth_stacks_payments.TestStacksAPI" name="test_get_stacks_returns_43_stacks" time="0.160" /><testcase classname="backend.tests.test_auth_stacks_payments.TestStacksAPI" name="test_get_stack_detail_the_shred_stack" time="0.176" /><testcase classname="backend.tests.test_auth_stacks_payments.TestStacksAPI" name="test_get_stack_detail_nonexistent" time="0.190" /><testcase classname="backend.tests.test_auth_stacks_payments.TestStacksAPI" name="test_stacks_category_filter" time="0.290" /><testcase classname="backend.tests.test_auth_stacks_payments.TestAuthRegister" name="test_register_new_user" time="0.530" /><testcase classname="backend.tests.test_auth_stacks_payments.TestAuthRegister" name="test_register_duplicate_email" time="0.656" /><testcase classname="backend.tests.test_auth_stacks_payments.TestAuthLogin" name="test_login_success" time="1.107" /><testcase classname="backend.tests.test_auth_stacks_payments.TestAuthLogin" name="test_login_invalid_credentials" time="0.123" /><testcase classname="backend.tests.test_auth_stacks_payments.TestAuthLogin" name="test_login_with_test_credentials" time="0.406" /><testcase classname="backend.tests.test_auth_stacks_payments.TestAuthMe" name="test_get_me_with_valid_token" time="0.532" /><testcase classname="backend.tests.test_auth_stacks_payments.TestAuthMe" name="test_get_me_without_token" time="0.116" /><testcase classname="backend.tests.test_auth_stacks_payments.TestAuthMe" name="test_get_me_with_invalid_token" time="0.117" /><testcase classname="backend.tests.test_auth_stacks_payments.TestPaymentEndpoints" name="test_create_invoice_requires_auth" time="0.112" /><testcase classname="backend.tests.test_auth_stacks_payments.TestPaymentEndpoints" name="test_create_invoice_with_auth" time="1.027" /><testcase classname="backend.tests.test_auth_stacks_payments.TestPaymentEndpoints" name="test_check_payment_requires_auth" time="0.131" /><testcase classname="backend.tests.test_auth_stacks_payments.TestPaymentEndpoints" name="test_check_payment_with_auth" time="1.029" /><testcase classname="backend.tests.test_auth_stacks_payments.TestPaymentEndpoints" name="test_my_payment_status" time="0.526" /><testcase classname="backend.tests.test_auth_stacks_payments.TestLibraryPeptides" name="test_all_96_peptides_are_pro" time="0.105" /></testsuite></testsuites>