<?xml version="1.0" encoding="utf-8"?><testsuites name="pytest tests"><testsuite name="pytest" errors="0" failures="0" skipped="0" tests="15" time="7.481" timestamp="2026-03-14T20:29:37.021237+00:00" hostname="agent-env-ebbf3238-2e15-4078-9af3-3a813840ec07"><testcase classname="backend.tests.test_protocols_v2.TestProtocolsV2Endpoints" name="test_get_protocols_v2_list" time="0.590" /><testcase classname="backend.tests.test_protocols_v2.TestProtocolsV2Endpoints" name="test_validate_code_invalid_code" time="0.458" /><testcase classname="backend.tests.test_protocols_v2.TestProtocolsV2Endpoints" name="test_validate_code_empty_code" time="0.430" /><testcase classname="backend.tests.test_protocols_v2.TestProtocolsV2Endpoints" name="test_validate_code_valid_ghk_code" time="0.535" /><testcase classname="backend.tests.test_protocols_v2.TestProtocolsV2Endpoints" name="test_validate_code_valid_tb500_code" time="0.437" /><testcase classname="backend.tests.test_protocols_v2.TestProtocolsV2Endpoints" name="test_validate_code_valid_bpc157_code" time="0.437" /><testcase classname="backend.tests.test_protocols_v2.TestProtocolsV2Endpoints" name="test_send_protocol_invalid_code" time="0.456" /><testcase classname="backend.tests.test_protocols_v2.TestProtocolsV2Endpoints" name="test_send_protocol_invalid_language" time="0.877" /><testcase classname="backend.tests.test_protocols_v2.TestSingleUseEnforcement" name="test_validate_code_already_used_message" time="0.419" /><testcase classname="backend.tests.test_protocols_v2.TestPaidProtocols" name="test_paid_protocols_in_list" time="0.424" /><testcase classname="backend.tests.test_protocols_v2.TestPaidProtocols" name="test_payment_wallet_info" time="0.478" /><testcase classname="backend.tests.test_protocols_v2.TestPaidProtocols" name="test_create_payment_order" time="0.878" /><testcase classname="backend.tests.test_protocols_v2.TestPaidProtocols" name="test_create_payment_order_free_protocol_rejected" time="0.420" /><testcase classname="backend.tests.test_protocols_v2.TestOldEndpointsBackwardCompat" name="test_validate_batch_endpoint_exists" time="0.426" /><testcase classname="backend.tests.test_protocols_v2.TestWatermarkFunction" name="test_pdf_files_exist" time="0.001" /></testsuite></testsuites>